<?xml version="1.0" encoding="UTF-8"?>
<!-- Generated by org.testng.reporters.JUnitReportReporter -->
<testsuite skipped="0" hostname="ML-J5P86S2" name="MavenStructuredFramework.RestAssuredTest" tests="2" failures="0" timestamp="25 Oct 2020 15:27:28 GMT" time="0.009" errors="0">
  <testcase name="RestAssuredTest02" time="0.001" classname="MavenStructuredFramework.RestAssuredTest"/>
  <testcase name="RestAssuredTest01" time="0.008" classname="MavenStructuredFramework.RestAssuredTest"/>
</testsuite> <!-- MavenStructuredFramework.RestAssuredTest -->
