<?xml version="1.0" encoding="UTF-8"?>
<!-- Generated by org.testng.reporters.JUnitReportReporter -->
<testsuite skipped="0" hostname="ML-J5P86S2" name="MavenStructuredFramework.LoginTest" tests="2" failures="0" timestamp="26 Apr 2021 10:48:21 GMT" time="15.680" errors="0">
  <testcase name="freeCRMLogoTest" time="8.632" classname="MavenStructuredFramework.LoginTest"/>
  <testcase name="freeCrmTitleTest" time="7.048" classname="MavenStructuredFramework.LoginTest"/>
</testsuite> <!-- MavenStructuredFramework.LoginTest -->
