<?xml version="1.0" encoding="UTF-8"?>
<!-- Generated by org.testng.reporters.JUnitReportReporter -->
<testsuite skipped="0" hostname="ML-J5P86S2" name="MavenStructuredFramework.AppiumTest" tests="2" failures="0" timestamp="25 Oct 2020 15:27:19 GMT" time="0.015" errors="0">
  <testcase name="AppiumTest02" time="0.001" classname="MavenStructuredFramework.AppiumTest"/>
  <testcase name="AppiumTest01" time="0.014" classname="MavenStructuredFramework.AppiumTest"/>
</testsuite> <!-- MavenStructuredFramework.AppiumTest -->
