<?xml version="1.0" encoding="UTF-8"?>
<!-- Generated by org.testng.reporters.JUnitReportReporter -->
<testsuite skipped="0" hostname="ML-J5P86S2" name="MavenStructuredFramework.RestAssuredTest" tests="2" failures="0" timestamp="25 Oct 2020 19:03:11 GMT" time="0.009" errors="0">
  <testcase name="RestAssuredTest01" time="0.009" classname="MavenStructuredFramework.RestAssuredTest"/>
  <testcase name="RestAssuredTest02" time="0.000" classname="MavenStructuredFramework.RestAssuredTest"/>
</testsuite> <!-- MavenStructuredFramework.RestAssuredTest -->
