<?xml version="1.0" encoding="UTF-8"?>
<!-- Generated by org.testng.reporters.JUnitReportReporter -->
<testsuite skipped="0" hostname="ML-J5P86S2" name="MavenStructuredFramework.SeleniumTest" tests="2" failures="0" timestamp="25 Oct 2020 17:23:37 GMT" time="0.000" errors="0">
  <testcase name="SeleniumTest01" time="0.000" classname="MavenStructuredFramework.SeleniumTest"/>
  <testcase name="SeleniumTest02" time="0.000" classname="MavenStructuredFramework.SeleniumTest"/>
</testsuite> <!-- MavenStructuredFramework.SeleniumTest -->
